Sun Aug 29 22:02:55 CAT 2021 : Apache Derby Network Server - 10.14.2.0 - (1828579) started and ready to accept connections on port 1527
----------------------------------------------------------------
Sun Aug 29 22:03:00 CAT 2021:
Booting Derby version The Apache Software Foundation - Apache Derby - 10.14.2.0 - (1828579): instance a816c00e-017b-9381-eaf4-ffffdd0803da 
on database directory C:\Users\bbeno\OneDrive\Documents\NetBeansProjects\adp-db-exercise\src\main\resources\databases\dbexercise with class loader jdk.internal.loader.ClassLoaders$AppClassLoader@2cdf8d8a 
Loaded from file:/C:/Program%20Files/Apache%20Derby/lib/derby.jar
java.vendor=Oracle Corporation
java.runtime.version=11.0.12+8-LTS-237
user.dir=C:\Program Files\Apache Derby
os.name=Windows 10
os.arch=amd64
os.version=10.0
derby.system.home=C:\Users\bbeno\OneDrive\Documents\NetBeansProjects\adp-db-exercise\src\main\resources\databases
Database Class Loader started - derby.database.classpath=''
----------------------------------------------------------------
Sun Aug 29 22:03:30 CAT 2021:
Shutting down instance a816c00e-017b-9381-eaf4-ffffdd0803da on database directory C:\Users\bbeno\OneDrive\Documents\NetBeansProjects\adp-db-exercise\src\main\resources\databases\dbexercise with class loader jdk.internal.loader.ClassLoaders$AppClassLoader@2cdf8d8a 
Sun Aug 29 22:03:30 CAT 2021 Thread[DRDAConnThread_2,5,main] (DATABASE = dbexercise), (DRDAID = {2}), Database 'dbexercise' shutdown.
----------------------------------------------------------------
Sun Aug 29 22:04:18 CAT 2021:
Booting Derby version The Apache Software Foundation - Apache Derby - 10.14.2.0 - (1828579): instance 6ede40af-017b-9381-eaf4-ffffdd0803da 
on database directory C:\Users\bbeno\OneDrive\Documents\NetBeansProjects\adp-db-exercise\src\main\resources\databases\dbexercise with class loader jdk.internal.loader.ClassLoaders$AppClassLoader@2cdf8d8a 
Loaded from file:/C:/Program%20Files/Apache%20Derby/lib/derby.jar
java.vendor=Oracle Corporation
java.runtime.version=11.0.12+8-LTS-237
user.dir=C:\Program Files\Apache Derby
os.name=Windows 10
os.arch=amd64
os.version=10.0
derby.system.home=C:\Users\bbeno\OneDrive\Documents\NetBeansProjects\adp-db-exercise\src\main\resources\databases
Database Class Loader started - derby.database.classpath=''
